2025-06-29 02:34:59 [ERROR] Connection timed out.
2025-06-29 02:36:59 [INFO] System boot completed.
2025-06-29 02:38:59 [ERROR] File not found: config.yaml
2025-06-29 02:40:59 [INFO] System boot completed.
2025-06-29 02:42:59 [INFO] User login successful.
2025-06-29 02:44:59 [CRITICAL] System overheating detected!
2025-06-29 02:46:59 [INFO] User login successful.
2025-06-29 02:48:59 [INFO] Scheduled task executed.
2025-06-29 02:50:59 [INFO] Scheduled task executed.
2025-06-29 02:52:59 [INFO] Scheduled task executed.
2025-06-29 02:54:59 [DEBUG] Cache miss on lookup.
2025-06-29 02:56:59 [DEBUG] Cache miss on lookup.
2025-06-29 02:58:59 [DEBUG] Temp file cleanup started.
2025-06-29 03:00:59 [INFO] User login successful.
2025-06-29 03:02:59 [INFO] User login successful.
2025-06-29 03:04:59 [ERROR] Permission denied.
2025-06-29 03:06:59 [CRITICAL] System overheating detected!
2025-06-29 03:08:59 [ERROR] Permission denied.
2025-06-29 03:10:59 [INFO] Scheduled task executed.
2025-06-29 03:12:59 [WARNING] Memory usage high.
2025-06-29 03:14:59 [DEBUG] Retrying connection.
2025-06-29 03:16:59 [INFO] System boot completed.
2025-06-29 03:18:59 [INFO] Scheduled task executed.
2025-06-29 03:20:59 [INFO] Scheduled task executed.
2025-06-29 03:22:59 [INFO] Scheduled task executed.
2025-06-29 03:24:59 [DEBUG] Cache miss on lookup.
2025-06-29 03:26:59 [INFO] Scheduled task executed.
2025-06-29 03:28:59 [CRITICAL] System overheating detected!
2025-06-29 03:30:59 [CRITICAL] Kernel panic!
2025-06-29 03:32:59 [INFO] Scheduled task executed.
2025-06-29 03:34:59 [WARNING] Disk space low on /dev/sda1.
2025-06-29 03:36:59 [INFO] System boot completed.
2025-06-29 03:38:59 [INFO] Scheduled task executed.
2025-06-29 03:40:59 [WARNING] Memory usage high.
2025-06-29 03:42:59 [INFO] Scheduled task executed.
2025-06-29 03:44:59 [WARNING] Disk space low on /dev/sda1.
2025-06-29 03:46:59 [WARNING] Memory usage high.
2025-06-29 03:48:59 [ERROR] File not found: config.yaml
2025-06-29 03:50:59 [INFO] Scheduled task executed.
2025-06-29 03:52:59 [ERROR] File not found: config.yaml
2025-06-29 03:54:59 [WARNING] Network latency detected.
2025-06-29 03:56:59 [INFO] User login successful.
2025-06-29 03:58:59 [ERROR] File not found: config.yaml
2025-06-29 04:00:59 [DEBUG] Cache miss on lookup.
2025-06-29 04:02:59 [INFO] User login successful.
2025-06-29 04:04:59 [INFO] System boot completed.
2025-06-29 04:06:59 [CRITICAL] System overheating detected!
2025-06-29 04:08:59 [INFO] Scheduled task executed.
2025-06-29 04:10:59 [ERROR] Connection timed out.
2025-06-29 04:12:59 [ERROR] Connection timed out.
2025-06-29 04:14:59 [ERROR] Connection timed out.
2025-06-29 04:16:59 [DEBUG] Cache miss on lookup.
2025-06-29 04:18:59 [WARNING] Memory usage high.
2025-06-29 04:20:59 [INFO] Scheduled task executed.
2025-06-29 04:22:59 [WARNING] Memory usage high.
2025-06-29 04:24:59 [INFO] System boot completed.
2025-06-29 04:26:59 [WARNING] Network latency detected.
2025-06-29 04:28:59 [CRITICAL] RAID array failure.
2025-06-29 04:30:59 [INFO] Scheduled task executed.
2025-06-29 04:32:59 [WARNING] Memory usage high.
2025-06-29 04:34:59 [WARNING] Memory usage high.
2025-06-29 04:36:59 [INFO] User login successful.
2025-06-29 04:38:59 [WARNING] Disk space low on /dev/sda1.
2025-06-29 04:40:59 [DEBUG] Retrying connection.
2025-06-29 04:42:59 [DEBUG] Temp file cleanup started.
2025-06-29 04:44:59 [ERROR] Connection timed out.
2025-06-29 04:46:59 [INFO] Scheduled task executed.
2025-06-29 04:48:59 [INFO] User login successful.
2025-06-29 04:50:59 [CRITICAL] System overheating detected!
2025-06-29 04:52:59 [DEBUG] Temp file cleanup started.
2025-06-29 04:54:59 [ERROR] File not found: config.yaml
2025-06-29 04:56:59 [INFO] Scheduled task executed.
2025-06-29 04:58:59 [INFO] System boot completed.
2025-06-29 05:00:59 [CRITICAL] RAID array failure.
2025-06-29 05:02:59 [ERROR] Connection timed out.
2025-06-29 05:04:59 [WARNING] Memory usage high.
2025-06-29 05:06:59 [WARNING] Network latency detected.
2025-06-29 05:08:59 [WARNING] Memory usage high.
2025-06-29 05:10:59 [INFO] Scheduled task executed.
2025-06-29 05:12:59 [WARNING] Disk space low on /dev/sda1.
2025-06-29 05:14:59 [INFO] System boot completed.
2025-06-29 05:16:59 [INFO] Scheduled task executed.
2025-06-29 05:18:59 [INFO] User login successful.
2025-06-29 05:20:59 [INFO] User login successful.
2025-06-29 05:22:59 [WARNING] Network latency detected.
2025-06-29 05:24:59 [INFO] Scheduled task executed.
2025-06-29 05:26:59 [INFO] Scheduled task executed.
2025-06-29 05:28:59 [INFO] System boot completed.
2025-06-29 05:30:59 [ERROR] File not found: config.yaml
2025-06-29 05:32:59 [ERROR] Permission denied.
2025-06-29 05:34:59 [WARNING] Network latency detected.
2025-06-29 05:36:59 [INFO] System boot completed.
2025-06-29 05:38:59 [INFO] Scheduled task executed.
2025-06-29 05:40:59 [CRITICAL] System overheating detected!
2025-06-29 05:42:59 [ERROR] File not found: config.yaml
2025-06-29 05:44:59 [WARNING] Memory usage high.
2025-06-29 05:46:59 [INFO] Scheduled task executed.
2025-06-29 05:48:59 [WARNING] Network latency detected.
2025-06-29 05:50:59 [INFO] User login successful.
2025-06-29 05:52:59 [INFO] System boot completed.
2025-06-29 05:54:59 [DEBUG] Retrying connection.
2025-06-29 05:56:59 [CRITICAL] RAID array failure.
2025-06-29 05:58:59 [DEBUG] Cache miss on lookup.
2025-06-29 06:00:59 [INFO] System boot completed.
2025-06-29 06:02:59 [CRITICAL] Kernel panic!
2025-06-29 06:04:59 [DEBUG] Temp file cleanup started.
2025-06-29 06:06:59 [INFO] Scheduled task executed.
2025-06-29 06:08:59 [WARNING] Network latency detected.
2025-06-29 06:10:59 [INFO] User login successful.
2025-06-29 06:12:59 [INFO] System boot completed.
2025-06-29 06:14:59 [WARNING] Disk space low on /dev/sda1.
2025-06-29 06:16:59 [ERROR] Connection timed out.
2025-06-29 06:18:59 [WARNING] Disk space low on /dev/sda1.
2025-06-29 06:20:59 [INFO] Scheduled task executed.
2025-06-29 06:22:59 [INFO] User login successful.
2025-06-29 06:24:59 [INFO] Scheduled task executed.
2025-06-29 06:26:59 [INFO] System boot completed.
2025-06-29 06:28:59 [DEBUG] Retrying connection.
2025-06-29 06:30:59 [ERROR] Permission denied.
2025-06-29 06:32:59 [WARNING] Memory usage high.
2025-06-29 06:34:59 [INFO] User login successful.
2025-06-29 06:36:59 [ERROR] File not found: config.yaml
2025-06-29 06:38:59 [DEBUG] Temp file cleanup started.
2025-06-29 06:40:59 [WARNING] Disk space low on /dev/sda1.
2025-06-29 06:42:59 [WARNING] Disk space low on /dev/sda1.
2025-06-29 06:44:59 [WARNING] Disk space low on /dev/sda1.
2025-06-29 06:46:59 [WARNING] Memory usage high.
2025-06-29 06:48:59 [DEBUG] Retrying connection.
2025-06-29 06:50:59 [INFO] User login successful.
2025-06-29 06:52:59 [WARNING] Memory usage high.
2025-06-29 06:54:59 [DEBUG] Retrying connection.
2025-06-29 06:56:59 [INFO] Scheduled task executed.
2025-06-29 06:58:59 [CRITICAL] RAID array failure.
2025-06-29 07:00:59 [INFO] System boot completed.
2025-06-29 07:02:59 [DEBUG] Cache miss on lookup.
2025-06-29 07:04:59 [INFO] User login successful.
2025-06-29 07:06:59 [WARNING] Disk space low on /dev/sda1.
2025-06-29 07:08:59 [INFO] User login successful.
2025-06-29 07:10:59 [INFO] User login successful.
2025-06-29 07:12:59 [WARNING] Disk space low on /dev/sda1.
2025-06-29 07:14:59 [WARNING] Memory usage high.
2025-06-29 07:16:59 [DEBUG] Cache miss on lookup.
2025-06-29 07:18:59 [INFO] User login successful.
2025-06-29 07:20:59 [INFO] User login successful.
2025-06-29 07:22:59 [INFO] User login successful.
2025-06-29 07:24:59 [INFO] System boot completed.
2025-06-29 07:26:59 [ERROR] Permission denied.
2025-06-29 07:28:59 [WARNING] Network latency detected.
2025-06-29 07:30:59 [CRITICAL] Kernel panic!
2025-06-29 07:32:59 [WARNING] Network latency detected.
2025-06-29 07:34:59 [WARNING] Memory usage high.
2025-06-29 07:36:59 [ERROR] File not found: config.yaml
2025-06-29 07:38:59 [INFO] Scheduled task executed.
2025-06-29 07:40:59 [WARNING] Memory usage high.
2025-06-29 07:42:59 [INFO] User login successful.
2025-06-29 07:44:59 [ERROR] Permission denied.
2025-06-29 07:46:59 [INFO] Scheduled task executed.
2025-06-29 07:48:59 [WARNING] Memory usage high.
2025-06-29 07:50:59 [CRITICAL] RAID array failure.
2025-06-29 07:52:59 [INFO] Scheduled task executed.
2025-06-29 07:54:59 [ERROR] Permission denied.
2025-06-29 07:56:59 [INFO] System boot completed.
2025-06-29 07:58:59 [DEBUG] Retrying connection.
2025-06-29 08:00:59 [INFO] System boot completed.
2025-06-29 08:02:59 [WARNING] Memory usage high.
2025-06-29 08:04:59 [CRITICAL] System overheating detected!
2025-06-29 08:06:59 [INFO] Scheduled task executed.
2025-06-29 08:08:59 [WARNING] Disk space low on /dev/sda1.
2025-06-29 08:10:59 [WARNING] Disk space low on /dev/sda1.
2025-06-29 08:12:59 [INFO] System boot completed.
2025-06-29 08:14:59 [ERROR] Connection timed out.
2025-06-29 08:16:59 [INFO] User login successful.
2025-06-29 08:18:59 [CRITICAL] System overheating detected!
2025-06-29 08:20:59 [INFO] System boot completed.
2025-06-29 08:22:59 [WARNING] Network latency detected.
2025-06-29 08:24:59 [WARNING] Network latency detected.
2025-06-29 08:26:59 [WARNING] Network latency detected.
2025-06-29 08:28:59 [INFO] User login successful.
2025-06-29 08:30:59 [INFO] User login successful.
2025-06-29 08:32:59 [CRITICAL] Kernel panic!
2025-06-29 08:34:59 [INFO] User login successful.
2025-06-29 08:36:59 [CRITICAL] System overheating detected!
2025-06-29 08:38:59 [DEBUG] Cache miss on lookup.
2025-06-29 08:40:59 [INFO] User login successful.
2025-06-29 08:42:59 [ERROR] Connection timed out.
2025-06-29 08:44:59 [WARNING] Network latency detected.
2025-06-29 08:46:59 [CRITICAL] System overheating detected!
2025-06-29 08:48:59 [WARNING] Memory usage high.
2025-06-29 08:50:59 [ERROR] Connection timed out.
2025-06-29 08:52:59 [INFO] User login successful.
2025-06-29 08:54:59 [CRITICAL] Kernel panic!
2025-06-29 08:56:59 [WARNING] Network latency detected.
2025-06-29 08:58:59 [WARNING] Disk space low on /dev/sda1.
2025-06-29 09:00:59 [DEBUG] Retrying connection.
2025-06-29 09:02:59 [ERROR] Permission denied.
2025-06-29 09:04:59 [WARNING] Network latency detected.
2025-06-29 09:06:59 [WARNING] Network latency detected.
2025-06-29 09:08:59 [DEBUG] Cache miss on lookup.
2025-06-29 09:10:59 [INFO] Scheduled task executed.
2025-06-29 09:12:59 [DEBUG] Retrying connection.
2025-06-29 09:14:59 [INFO] User login successful.
2025-06-29 09:16:59 [ERROR] File not found: config.yaml
2025-06-29 09:18:59 [DEBUG] Retrying connection.
2025-06-29 09:20:59 [DEBUG] Cache miss on lookup.
2025-06-29 09:22:59 [DEBUG] Temp file cleanup started.
2025-06-29 09:24:59 [INFO] System boot completed.
2025-06-29 09:26:59 [WARNING] Network latency detected.
2025-06-29 09:28:59 [ERROR] File not found: config.yaml
2025-06-29 09:30:59 [INFO] System boot completed.
2025-06-29 09:32:59 [ERROR] Connection timed out.
2025-06-29 09:34:59 [INFO] System boot completed.
2025-06-29 09:36:59 [ERROR] File not found: config.yaml
2025-06-29 09:38:59 [ERROR] Permission denied.
2025-06-29 09:40:59 [DEBUG] Temp file cleanup started.
2025-06-29 09:42:59 [INFO] User login successful.
2025-06-29 09:44:59 [ERROR] Connection timed out.
2025-06-29 09:46:59 [WARNING] Disk space low on /dev/sda1.
2025-06-29 09:48:59 [WARNING] Disk space low on /dev/sda1.
2025-06-29 09:50:59 [INFO] User login successful.
2025-06-29 09:52:59 [INFO] Scheduled task executed.
2025-06-29 09:54:59 [WARNING] Disk space low on /dev/sda1.
2025-06-29 09:56:59 [WARNING] Memory usage high.
2025-06-29 09:58:59 [INFO] User login successful.
2025-06-29 10:00:59 [CRITICAL] System overheating detected!
2025-06-29 10:02:59 [DEBUG] Cache miss on lookup.
2025-06-29 10:04:59 [ERROR] Connection timed out.
2025-06-29 10:06:59 [WARNING] Network latency detected.
2025-06-29 10:08:59 [INFO] User login successful.
2025-06-29 10:10:59 [WARNING] Memory usage high.
2025-06-29 10:12:59 [ERROR] Permission denied.
2025-06-29 10:14:59 [INFO] User login successful.
2025-06-29 10:16:59 [CRITICAL] System overheating detected!
2025-06-29 10:18:59 [CRITICAL] Kernel panic!
2025-06-29 10:20:59 [WARNING] Memory usage high.
2025-06-29 10:22:59 [WARNING] Disk space low on /dev/sda1.
2025-06-29 10:24:59 [DEBUG] Retrying connection.
2025-06-29 10:26:59 [WARNING] Memory usage high.
2025-06-29 10:28:59 [ERROR] Permission denied.
2025-06-29 10:30:59 [CRITICAL] System overheating detected!
2025-06-29 10:32:59 [CRITICAL] Kernel panic!
2025-06-29 10:34:59 [INFO] Scheduled task executed.
2025-06-29 10:36:59 [INFO] User login successful.
2025-06-29 10:38:59 [CRITICAL] System overheating detected!
2025-06-29 10:40:59 [DEBUG] Cache miss on lookup.
2025-06-29 10:42:59 [INFO] User login successful.
2025-06-29 10:44:59 [INFO] System boot completed.
2025-06-29 10:46:59 [WARNING] Network latency detected.
2025-06-29 10:48:59 [ERROR] Permission denied.
2025-06-29 10:50:59 [INFO] User login successful.
2025-06-29 10:52:59 [ERROR] Connection timed out.
2025-06-29 10:54:59 [DEBUG] Cache miss on lookup.
2025-06-29 10:56:59 [INFO] System boot completed.
2025-06-29 10:58:59 [WARNING] Network latency detected.
2025-06-29 11:00:59 [INFO] User login successful.
2025-06-29 11:02:59 [INFO] Scheduled task executed.
2025-06-29 11:04:59 [WARNING] Disk space low on /dev/sda1.
2025-06-29 11:06:59 [DEBUG] Retrying connection.
2025-06-29 11:08:59 [CRITICAL] RAID array failure.
2025-06-29 11:10:59 [WARNING] Network latency detected.
2025-06-29 11:12:59 [INFO] User login successful.
2025-06-29 11:14:59 [INFO] Scheduled task executed.
2025-06-29 11:16:59 [ERROR] Connection timed out.
2025-06-29 11:18:59 [DEBUG] Temp file cleanup started.
2025-06-29 11:20:59 [ERROR] Connection timed out.
2025-06-29 11:22:59 [WARNING] Disk space low on /dev/sda1.
2025-06-29 11:24:59 [INFO] System boot completed.
2025-06-29 11:26:59 [DEBUG] Retrying connection.
2025-06-29 11:28:59 [ERROR] Connection timed out.
2025-06-29 11:30:59 [WARNING] Network latency detected.
2025-06-29 11:32:59 [CRITICAL] System overheating detected!
2025-06-29 11:34:59 [WARNING] Network latency detected.
2025-06-29 11:36:59 [WARNING] Memory usage high.
2025-06-29 11:38:59 [DEBUG] Cache miss on lookup.
2025-06-29 11:40:59 [WARNING] Network latency detected.
2025-06-29 11:42:59 [INFO] System boot completed.
2025-06-29 11:44:59 [INFO] User login successful.
2025-06-29 11:46:59 [ERROR] Connection timed out.
2025-06-29 11:48:59 [WARNING] Memory usage high.
2025-06-29 11:50:59 [DEBUG] Cache miss on lookup.
2025-06-29 11:52:59 [DEBUG] Retrying connection.
2025-06-29 11:54:59 [WARNING] Memory usage high.
2025-06-29 11:56:59 [INFO] User login successful.
2025-06-29 11:58:59 [DEBUG] Temp file cleanup started.
2025-06-29 12:00:59 [INFO] System boot completed.
2025-06-29 12:02:59 [DEBUG] Cache miss on lookup.
2025-06-29 12:04:59 [INFO] User login successful.
2025-06-29 12:06:59 [INFO] User login successful.
2025-06-29 12:08:59 [INFO] System boot completed.
2025-06-29 12:10:59 [WARNING] Disk space low on /dev/sda1.
2025-06-29 12:12:59 [ERROR] File not found: config.yaml
2025-06-29 12:14:59 [INFO] System boot completed.
2025-06-29 12:16:59 [WARNING] Memory usage high.
2025-06-29 12:18:59 [INFO] System boot completed.
2025-06-29 12:20:59 [DEBUG] Retrying connection.
2025-06-29 12:22:59 [WARNING] Network latency detected.
2025-06-29 12:24:59 [INFO] Scheduled task executed.
2025-06-29 12:26:59 [INFO] User login successful.
2025-06-29 12:28:59 [ERROR] File not found: config.yaml
2025-06-29 12:30:59 [ERROR] File not found: config.yaml
2025-06-29 12:32:59 [WARNING] Network latency detected.
2025-06-29 12:34:59 [INFO] User login successful.
2025-06-29 12:36:59 [DEBUG] Cache miss on lookup.
2025-06-29 12:38:59 [INFO] Scheduled task executed.
2025-06-29 12:40:59 [INFO] System boot completed.
2025-06-29 12:42:59 [ERROR] File not found: config.yaml
2025-06-29 12:44:59 [DEBUG] Temp file cleanup started.
2025-06-29 12:46:59 [DEBUG] Retrying connection.
2025-06-29 12:48:59 [INFO] User login successful.
2025-06-29 12:50:59 [INFO] System boot completed.
2025-06-29 12:52:59 [INFO] System boot completed.
2025-06-29 12:54:59 [INFO] System boot completed.
2025-06-29 12:56:59 [INFO] System boot completed.
2025-06-29 12:58:59 [WARNING] Disk space low on /dev/sda1.
2025-06-29 13:00:59 [INFO] Scheduled task executed.
2025-06-29 13:02:59 [ERROR] Connection timed out.
2025-06-29 13:04:59 [DEBUG] Retrying connection.
2025-06-29 13:06:59 [INFO] User login successful.
2025-06-29 13:08:59 [INFO] Scheduled task executed.
2025-06-29 13:10:59 [INFO] Scheduled task executed.
2025-06-29 13:12:59 [INFO] User login successful.
2025-06-29 13:14:59 [WARNING] Memory usage high.
2025-06-29 13:16:59 [INFO] System boot completed.
2025-06-29 13:18:59 [DEBUG] Cache miss on lookup.
2025-06-29 13:20:59 [WARNING] Memory usage high.
2025-06-29 13:22:59 [CRITICAL] Kernel panic!
2025-06-29 13:24:59 [ERROR] File not found: config.yaml
2025-06-29 13:26:59 [INFO] User login successful.
2025-06-29 13:28:59 [CRITICAL] System overheating detected!
2025-06-29 13:30:59 [INFO] System boot completed.
2025-06-29 13:32:59 [INFO] User login successful.
2025-06-29 13:34:59 [INFO] System boot completed.
2025-06-29 13:36:59 [ERROR] Connection timed out.
2025-06-29 13:38:59 [CRITICAL] RAID array failure.
2025-06-29 13:40:59 [INFO] Scheduled task executed.
2025-06-29 13:42:59 [WARNING] Memory usage high.
2025-06-29 13:44:59 [INFO] User login successful.
2025-06-29 13:46:59 [INFO] User login successful.
2025-06-29 13:48:59 [WARNING] Memory usage high.
2025-06-29 13:50:59 [DEBUG] Retrying connection.
2025-06-29 13:52:59 [CRITICAL] RAID array failure.
2025-06-29 13:54:59 [INFO] Scheduled task executed.
2025-06-29 13:56:59 [ERROR] File not found: config.yaml
2025-06-29 13:58:59 [ERROR] File not found: config.yaml
2025-06-29 14:00:59 [ERROR] Connection timed out.
2025-06-29 14:02:59 [INFO] User login successful.
2025-06-29 14:04:59 [CRITICAL] Kernel panic!
2025-06-29 14:06:59 [INFO] User login successful.
2025-06-29 14:08:59 [ERROR] Connection timed out.
2025-06-29 14:10:59 [INFO] User login successful.
2025-06-29 14:12:59 [INFO] User login successful.
2025-06-29 14:14:59 [WARNING] Network latency detected.
2025-06-29 14:16:59 [INFO] System boot completed.
2025-06-29 14:18:59 [WARNING] Memory usage high.
2025-06-29 14:20:59 [WARNING] Disk space low on /dev/sda1.
2025-06-29 14:22:59 [INFO] System boot completed.
2025-06-29 14:24:59 [INFO] Scheduled task executed.
2025-06-29 14:26:59 [CRITICAL] Kernel panic!
2025-06-29 14:28:59 [INFO] User login successful.
2025-06-29 14:30:59 [DEBUG] Cache miss on lookup.
2025-06-29 14:32:59 [INFO] User login successful.
2025-06-29 14:34:59 [WARNING] Memory usage high.
2025-06-29 14:36:59 [DEBUG] Cache miss on lookup.
2025-06-29 14:38:59 [DEBUG] Temp file cleanup started.
2025-06-29 14:40:59 [INFO] Scheduled task executed.
2025-06-29 14:42:59 [WARNING] Disk space low on /dev/sda1.
2025-06-29 14:44:59 [WARNING] Network latency detected.
2025-06-29 14:46:59 [WARNING] Disk space low on /dev/sda1.
2025-06-29 14:48:59 [DEBUG] Cache miss on lookup.
2025-06-29 14:50:59 [WARNING] Network latency detected.
2025-06-29 14:52:59 [WARNING] Disk space low on /dev/sda1.
2025-06-29 14:54:59 [ERROR] File not found: config.yaml
2025-06-29 14:56:59 [INFO] User login successful.
2025-06-29 14:58:59 [INFO] User login successful.
2025-06-29 15:00:59 [DEBUG] Temp file cleanup started.
2025-06-29 15:02:59 [WARNING] Network latency detected.
2025-06-29 15:04:59 [CRITICAL] RAID array failure.
2025-06-29 15:06:59 [ERROR] File not found: config.yaml
2025-06-29 15:08:59 [INFO] User login successful.
2025-06-29 15:10:59 [INFO] System boot completed.
2025-06-29 15:12:59 [DEBUG] Temp file cleanup started.
2025-06-29 15:14:59 [CRITICAL] Kernel panic!
2025-06-29 15:16:59 [DEBUG] Temp file cleanup started.
2025-06-29 15:18:59 [CRITICAL] Kernel panic!
2025-06-29 15:20:59 [ERROR] Permission denied.
2025-06-29 15:22:59 [INFO] System boot completed.
2025-06-29 15:24:59 [ERROR] Connection timed out.
2025-06-29 15:26:59 [INFO] Scheduled task executed.
2025-06-29 15:28:59 [INFO] System boot completed.
2025-06-29 15:30:59 [CRITICAL] System overheating detected!
2025-06-29 15:32:59 [INFO] User login successful.
2025-06-29 15:34:59 [DEBUG] Cache miss on lookup.
2025-06-29 15:36:59 [INFO] System boot completed.
2025-06-29 15:38:59 [INFO] Scheduled task executed.
2025-06-29 15:40:59 [INFO] Scheduled task executed.
2025-06-29 15:42:59 [WARNING] Disk space low on /dev/sda1.
2025-06-29 15:44:59 [INFO] System boot completed.
2025-06-29 15:46:59 [DEBUG] Temp file cleanup started.
2025-06-29 15:48:59 [WARNING] Disk space low on /dev/sda1.
2025-06-29 15:50:59 [DEBUG] Cache miss on lookup.
2025-06-29 15:52:59 [DEBUG] Temp file cleanup started.
2025-06-29 15:54:59 [ERROR] File not found: config.yaml
2025-06-29 15:56:59 [ERROR] File not found: config.yaml
2025-06-29 15:58:59 [WARNING] Network latency detected.
2025-06-29 16:00:59 [WARNING] Disk space low on /dev/sda1.
2025-06-29 16:02:59 [WARNING] Disk space low on /dev/sda1.
2025-06-29 16:04:59 [ERROR] Connection timed out.
2025-06-29 16:06:59 [DEBUG] Cache miss on lookup.
2025-06-29 16:08:59 [INFO] System boot completed.
2025-06-29 16:10:59 [INFO] User login successful.
2025-06-29 16:12:59 [INFO] User login successful.
2025-06-29 16:14:59 [DEBUG] Temp file cleanup started.
2025-06-29 16:16:59 [INFO] System boot completed.
2025-06-29 16:18:59 [INFO] User login successful.
2025-06-29 16:20:59 [INFO] Scheduled task executed.
2025-06-29 16:22:59 [INFO] System boot completed.
2025-06-29 16:24:59 [INFO] Scheduled task executed.
2025-06-29 16:26:59 [INFO] System boot completed.
2025-06-29 16:28:59 [ERROR] Connection timed out.
2025-06-29 16:30:59 [CRITICAL] RAID array failure.
2025-06-29 16:32:59 [WARNING] Network latency detected.
2025-06-29 16:34:59 [WARNING] Network latency detected.
2025-06-29 16:36:59 [ERROR] Permission denied.
2025-06-29 16:38:59 [WARNING] Memory usage high.
2025-06-29 16:40:59 [INFO] Scheduled task executed.
2025-06-29 16:42:59 [DEBUG] Temp file cleanup started.
2025-06-29 16:44:59 [INFO] Scheduled task executed.
2025-06-29 16:46:59 [WARNING] Network latency detected.
2025-06-29 16:48:59 [ERROR] Permission denied.
2025-06-29 16:50:59 [INFO] Scheduled task executed.
2025-06-29 16:52:59 [INFO] System boot completed.
2025-06-29 16:54:59 [WARNING] Memory usage high.
2025-06-29 16:56:59 [ERROR] Permission denied.
2025-06-29 16:58:59 [WARNING] Network latency detected.
2025-06-29 17:00:59 [INFO] User login successful.
2025-06-29 17:02:59 [INFO] Scheduled task executed.
2025-06-29 17:04:59 [WARNING] Network latency detected.
2025-06-29 17:06:59 [WARNING] Disk space low on /dev/sda1.
2025-06-29 17:08:59 [INFO] System boot completed.
2025-06-29 17:10:59 [DEBUG] Retrying connection.
2025-06-29 17:12:59 [INFO] System boot completed.
2025-06-29 17:14:59 [CRITICAL] Kernel panic!
2025-06-29 17:16:59 [CRITICAL] Kernel panic!
2025-06-29 17:18:59 [DEBUG] Retrying connection.
2025-06-29 17:20:59 [DEBUG] Temp file cleanup started.
2025-06-29 17:22:59 [ERROR] File not found: config.yaml
2025-06-29 17:24:59 [WARNING] Network latency detected.
2025-06-29 17:26:59 [INFO] User login successful.
2025-06-29 17:28:59 [INFO] System boot completed.
2025-06-29 17:30:59 [INFO] Scheduled task executed.
2025-06-29 17:32:59 [INFO] Scheduled task executed.
2025-06-29 17:34:59 [WARNING] Memory usage high.
2025-06-29 17:36:59 [INFO] User login successful.
2025-06-29 17:38:59 [INFO] Scheduled task executed.
2025-06-29 17:40:59 [ERROR] Permission denied.
2025-06-29 17:42:59 [INFO] User login successful.
2025-06-29 17:44:59 [WARNING] Memory usage high.
2025-06-29 17:46:59 [INFO] Scheduled task executed.
2025-06-29 17:48:59 [WARNING] Memory usage high.
2025-06-29 17:50:59 [INFO] User login successful.
2025-06-29 17:52:59 [INFO] System boot completed.
2025-06-29 17:54:59 [DEBUG] Cache miss on lookup.
2025-06-29 17:56:59 [ERROR] File not found: config.yaml
2025-06-29 17:58:59 [INFO] User login successful.
2025-06-29 18:00:59 [DEBUG] Temp file cleanup started.
2025-06-29 18:02:59 [DEBUG] Temp file cleanup started.
2025-06-29 18:04:59 [DEBUG] Temp file cleanup started.
2025-06-29 18:06:59 [INFO] Scheduled task executed.
2025-06-29 18:08:59 [WARNING] Memory usage high.
2025-06-29 18:10:59 [INFO] System boot completed.
2025-06-29 18:12:59 [ERROR] File not found: config.yaml
2025-06-29 18:14:59 [DEBUG] Cache miss on lookup.
2025-06-29 18:16:59 [INFO] System boot completed.
2025-06-29 18:18:59 [INFO] User login successful.
2025-06-29 18:20:59 [DEBUG] Temp file cleanup started.
2025-06-29 18:22:59 [INFO] User login successful.
2025-06-29 18:24:59 [WARNING] Network latency detected.
2025-06-29 18:26:59 [CRITICAL] RAID array failure.
2025-06-29 18:28:59 [INFO] Scheduled task executed.
2025-06-29 18:30:59 [INFO] Scheduled task executed.
2025-06-29 18:32:59 [WARNING] Network latency detected.
2025-06-29 18:34:59 [INFO] System boot completed.
2025-06-29 18:36:59 [INFO] Scheduled task executed.
2025-06-29 18:38:59 [INFO] System boot completed.
2025-06-29 18:40:59 [ERROR] Connection timed out.
2025-06-29 18:42:59 [WARNING] Disk space low on /dev/sda1.
2025-06-29 18:44:59 [DEBUG] Temp file cleanup started.
2025-06-29 18:46:59 [WARNING] Disk space low on /dev/sda1.
2025-06-29 18:48:59 [INFO] System boot completed.
2025-06-29 18:50:59 [CRITICAL] System overheating detected!
2025-06-29 18:52:59 [CRITICAL] System overheating detected!
2025-06-29 18:54:59 [ERROR] File not found: config.yaml
2025-06-29 18:56:59 [INFO] Scheduled task executed.
2025-06-29 18:58:59 [WARNING] Memory usage high.
2025-06-29 19:00:59 [INFO] User login successful.
2025-06-29 19:02:59 [DEBUG] Temp file cleanup started.
2025-06-29 19:04:59 [CRITICAL] Kernel panic!
2025-06-29 19:06:59 [WARNING] Disk space low on /dev/sda1.
2025-06-29 19:08:59 [INFO] User login successful.
2025-06-29 19:10:59 [DEBUG] Retrying connection.
2025-06-29 19:12:59 [INFO] User login successful.
2025-06-29 19:14:59 [INFO] User login successful.
2025-06-29 19:16:59 [INFO] User login successful.
2025-06-29 19:18:59 [ERROR] File not found: config.yaml
2025-06-29 19:20:59 [CRITICAL] System overheating detected!
2025-06-29 19:22:59 [ERROR] Permission denied.
2025-06-29 19:24:59 [INFO] User login successful.
2025-06-29 19:26:59 [WARNING] Network latency detected.
2025-06-29 19:28:59 [WARNING] Disk space low on /dev/sda1.
2025-06-29 19:30:59 [INFO] System boot completed.
2025-06-29 19:32:59 [ERROR] File not found: config.yaml
2025-06-29 19:34:59 [CRITICAL] System overheating detected!
2025-06-29 19:36:59 [WARNING] Network latency detected.
2025-06-29 19:38:59 [INFO] System boot completed.
2025-06-29 19:40:59 [WARNING] Network latency detected.
2025-06-29 19:42:59 [WARNING] Memory usage high.
2025-06-29 19:44:59 [INFO] Scheduled task executed.
2025-06-29 19:46:59 [WARNING] Memory usage high.
2025-06-29 19:48:59 [WARNING] Disk space low on /dev/sda1.
2025-06-29 19:50:59 [WARNING] Disk space low on /dev/sda1.
2025-06-29 19:52:59 [CRITICAL] System overheating detected!
2025-06-29 19:54:59 [INFO] System boot completed.
2025-06-29 19:56:59 [WARNING] Memory usage high.
2025-06-29 19:58:59 [DEBUG] Cache miss on lookup.
2025-06-29 20:00:59 [INFO] System boot completed.
2025-06-29 20:02:59 [INFO] System boot completed.
2025-06-29 20:04:59 [CRITICAL] RAID array failure.
2025-06-29 20:06:59 [ERROR] File not found: config.yaml
2025-06-29 20:08:59 [WARNING] Disk space low on /dev/sda1.
2025-06-29 20:10:59 [INFO] Scheduled task executed.
2025-06-29 20:12:59 [INFO] User login successful.
2025-06-29 20:14:59 [WARNING] Disk space low on /dev/sda1.
2025-06-29 20:16:59 [INFO] System boot completed.
2025-06-29 20:18:59 [DEBUG] Retrying connection.
2025-06-29 20:20:59 [DEBUG] Retrying connection.
2025-06-29 20:22:59 [INFO] Scheduled task executed.
2025-06-29 20:24:59 [WARNING] Memory usage high.
2025-06-29 20:26:59 [INFO] User login successful.
2025-06-29 20:28:59 [WARNING] Memory usage high.
2025-06-29 20:30:59 [WARNING] Memory usage high.
2025-06-29 20:32:59 [DEBUG] Cache miss on lookup.
2025-06-29 20:34:59 [INFO] System boot completed.
2025-06-29 20:36:59 [CRITICAL] System overheating detected!
2025-06-29 20:38:59 [WARNING] Disk space low on /dev/sda1.
2025-06-29 20:40:59 [INFO] User login successful.
2025-06-29 20:42:59 [WARNING] Memory usage high.
2025-06-29 20:44:59 [DEBUG] Retrying connection.
2025-06-29 20:46:59 [INFO] System boot completed.
2025-06-29 20:48:59 [INFO] User login successful.
2025-06-29 20:50:59 [DEBUG] Temp file cleanup started.
2025-06-29 20:52:59 [DEBUG] Retrying connection.
2025-06-29 20:54:59 [ERROR] Permission denied.
2025-06-29 20:56:59 [INFO] User login successful.
2025-06-29 20:58:59 [INFO] Scheduled task executed.
2025-06-29 21:00:59 [CRITICAL] System overheating detected!
2025-06-29 21:02:59 [ERROR] File not found: config.yaml
2025-06-29 21:04:59 [ERROR] Connection timed out.
2025-06-29 21:06:59 [WARNING] Memory usage high.
2025-06-29 21:08:59 [INFO] Scheduled task executed.
2025-06-29 21:10:59 [WARNING] Memory usage high.
2025-06-29 21:12:59 [WARNING] Memory usage high.
2025-06-29 21:14:59 [DEBUG] Cache miss on lookup.
2025-06-29 21:16:59 [INFO] Scheduled task executed.
2025-06-29 21:18:59 [DEBUG] Retrying connection.
2025-06-29 21:20:59 [INFO] Scheduled task executed.
2025-06-29 21:22:59 [CRITICAL] System overheating detected!
2025-06-29 21:24:59 [WARNING] Disk space low on /dev/sda1.
2025-06-29 21:26:59 [ERROR] Connection timed out.
2025-06-29 21:28:59 [INFO] Scheduled task executed.
2025-06-29 21:30:59 [INFO] Scheduled task executed.
2025-06-29 21:32:59 [WARNING] Network latency detected.
2025-06-29 21:34:59 [INFO] Scheduled task executed.
2025-06-29 21:36:59 [INFO] System boot completed.
2025-06-29 21:38:59 [CRITICAL] System overheating detected!
2025-06-29 21:40:59 [WARNING] Memory usage high.
2025-06-29 21:42:59 [INFO] Scheduled task executed.
2025-06-29 21:44:59 [CRITICAL] RAID array failure.
2025-06-29 21:46:59 [ERROR] File not found: config.yaml
2025-06-29 21:48:59 [INFO] User login successful.
2025-06-29 21:50:59 [ERROR] Connection timed out.
2025-06-29 21:52:59 [INFO] Scheduled task executed.
2025-06-29 21:54:59 [DEBUG] Temp file cleanup started.
2025-06-29 21:56:59 [ERROR] File not found: config.yaml
2025-06-29 21:58:59 [INFO] Scheduled task executed.
2025-06-29 22:00:59 [ERROR] Permission denied.
2025-06-29 22:02:59 [DEBUG] Cache miss on lookup.
2025-06-29 22:04:59 [INFO] System boot completed.
2025-06-29 22:06:59 [WARNING] Memory usage high.
2025-06-29 22:08:59 [CRITICAL] System overheating detected!
2025-06-29 22:10:59 [DEBUG] Retrying connection.
2025-06-29 22:12:59 [ERROR] Permission denied.
2025-06-29 22:14:59 [ERROR] Connection timed out.
2025-06-29 22:16:59 [DEBUG] Temp file cleanup started.
2025-06-29 22:18:59 [INFO] Scheduled task executed.
2025-06-29 22:20:59 [WARNING] Disk space low on /dev/sda1.
2025-06-29 22:22:59 [INFO] System boot completed.
2025-06-29 22:24:59 [ERROR] File not found: config.yaml
2025-06-29 22:26:59 [WARNING] Disk space low on /dev/sda1.
2025-06-29 22:28:59 [INFO] Scheduled task executed.
2025-06-29 22:30:59 [DEBUG] Temp file cleanup started.
2025-06-29 22:32:59 [INFO] System boot completed.
2025-06-29 22:34:59 [INFO] User login successful.
2025-06-29 22:36:59 [ERROR] Connection timed out.
2025-06-29 22:38:59 [ERROR] Permission denied.
2025-06-29 22:40:59 [WARNING] Network latency detected.
2025-06-29 22:42:59 [INFO] Scheduled task executed.
2025-06-29 22:44:59 [ERROR] Permission denied.
2025-06-29 22:46:59 [INFO] User login successful.
2025-06-29 22:48:59 [CRITICAL] RAID array failure.
2025-06-29 22:50:59 [INFO] System boot completed.
2025-06-29 22:52:59 [DEBUG] Retrying connection.
2025-06-29 22:54:59 [DEBUG] Retrying connection.
2025-06-29 22:56:59 [INFO] User login successful.
2025-06-29 22:58:59 [WARNING] Memory usage high.
2025-06-29 23:00:59 [DEBUG] Cache miss on lookup.
2025-06-29 23:02:59 [CRITICAL] System overheating detected!
2025-06-29 23:04:59 [INFO] User login successful.
2025-06-29 23:06:59 [ERROR] File not found: config.yaml
2025-06-29 23:08:59 [ERROR] Connection timed out.
2025-06-29 23:10:59 [INFO] User login successful.
2025-06-29 23:12:59 [WARNING] Memory usage high.
2025-06-29 23:14:59 [INFO] Scheduled task executed.
2025-06-29 23:16:59 [WARNING] Network latency detected.
2025-06-29 23:18:59 [ERROR] Permission denied.
2025-06-29 23:20:59 [WARNING] Network latency detected.
2025-06-29 23:22:59 [INFO] System boot completed.
2025-06-29 23:24:59 [ERROR] Permission denied.
2025-06-29 23:26:59 [INFO] User login successful.
2025-06-29 23:28:59 [WARNING] Network latency detected.
2025-06-29 23:30:59 [INFO] Scheduled task executed.
2025-06-29 23:32:59 [WARNING] Memory usage high.
2025-06-29 23:34:59 [INFO] System boot completed.
2025-06-29 23:36:59 [INFO] Scheduled task executed.
2025-06-29 23:38:59 [WARNING] Memory usage high.
2025-06-29 23:40:59 [DEBUG] Temp file cleanup started.
2025-06-29 23:42:59 [WARNING] Memory usage high.
2025-06-29 23:44:59 [DEBUG] Temp file cleanup started.
2025-06-29 23:46:59 [CRITICAL] RAID array failure.
2025-06-29 23:48:59 [DEBUG] Temp file cleanup started.
2025-06-29 23:50:59 [ERROR] Connection timed out.
2025-06-29 23:52:59 [INFO] Scheduled task executed.
2025-06-29 23:54:59 [INFO] System boot completed.
2025-06-29 23:56:59 [ERROR] File not found: config.yaml
2025-06-29 23:58:59 [ERROR] File not found: config.yaml
2025-06-30 00:00:59 [ERROR] Permission denied.
2025-06-30 00:02:59 [DEBUG] Cache miss on lookup.
2025-06-30 00:04:59 [INFO] Scheduled task executed.
2025-06-30 00:06:59 [WARNING] Disk space low on /dev/sda1.
2025-06-30 00:08:59 [INFO] User login successful.
2025-06-30 00:10:59 [INFO] Scheduled task executed.
2025-06-30 00:12:59 [ERROR] Permission denied.
2025-06-30 00:14:59 [INFO] Scheduled task executed.
2025-06-30 00:16:59 [INFO] Scheduled task executed.
2025-06-30 00:18:59 [ERROR] Permission denied.
2025-06-30 00:20:59 [INFO] Scheduled task executed.
2025-06-30 00:22:59 [WARNING] Memory usage high.
2025-06-30 00:24:59 [DEBUG] Retrying connection.
2025-06-30 00:26:59 [INFO] Scheduled task executed.
2025-06-30 00:28:59 [INFO] Scheduled task executed.
2025-06-30 00:30:59 [ERROR] File not found: config.yaml
2025-06-30 00:32:59 [ERROR] Permission denied.
2025-06-30 00:34:59 [CRITICAL] System overheating detected!
2025-06-30 00:36:59 [ERROR] Connection timed out.
2025-06-30 00:38:59 [CRITICAL] System overheating detected!
2025-06-30 00:40:59 [INFO] Scheduled task executed.
2025-06-30 00:42:59 [INFO] User login successful.
2025-06-30 00:44:59 [ERROR] Connection timed out.
2025-06-30 00:46:59 [WARNING] Network latency detected.
2025-06-30 00:48:59 [WARNING] Network latency detected.
2025-06-30 00:50:59 [INFO] System boot completed.
2025-06-30 00:52:59 [INFO] Scheduled task executed.
2025-06-30 00:54:59 [DEBUG] Retrying connection.
2025-06-30 00:56:59 [INFO] System boot completed.
2025-06-30 00:58:59 [WARNING] Disk space low on /dev/sda1.
2025-06-30 01:00:59 [INFO] User login successful.
2025-06-30 01:02:59 [INFO] System boot completed.
2025-06-30 01:04:59 [ERROR] File not found: config.yaml
2025-06-30 01:06:59 [ERROR] File not found: config.yaml
2025-06-30 01:08:59 [INFO] System boot completed.
2025-06-30 01:10:59 [INFO] User login successful.
2025-06-30 01:12:59 [INFO] Scheduled task executed.
2025-06-30 01:14:59 [INFO] System boot completed.
2025-06-30 01:16:59 [INFO] User login successful.
2025-06-30 01:18:59 [WARNING] Memory usage high.
2025-06-30 01:20:59 [DEBUG] Cache miss on lookup.
2025-06-30 01:22:59 [INFO] System boot completed.
2025-06-30 01:24:59 [DEBUG] Cache miss on lookup.
2025-06-30 01:26:59 [DEBUG] Cache miss on lookup.
2025-06-30 01:28:59 [INFO] Scheduled task executed.
2025-06-30 01:30:59 [INFO] System boot completed.
2025-06-30 01:32:59 [CRITICAL] Kernel panic!
2025-06-30 01:34:59 [DEBUG] Temp file cleanup started.
2025-06-30 01:36:59 [INFO] Scheduled task executed.
2025-06-30 01:38:59 [INFO] User login successful.
2025-06-30 01:40:59 [WARNING] Disk space low on /dev/sda1.
2025-06-30 01:42:59 [WARNING] Disk space low on /dev/sda1.
2025-06-30 01:44:59 [CRITICAL] System overheating detected!
2025-06-30 01:46:59 [WARNING] Network latency detected.
2025-06-30 01:48:59 [WARNING] Memory usage high.
2025-06-30 01:50:59 [INFO] System boot completed.
2025-06-30 01:52:59 [WARNING] Disk space low on /dev/sda1.
2025-06-30 01:54:59 [WARNING] Network latency detected.
2025-06-30 01:56:59 [ERROR] Connection timed out.
2025-06-30 01:58:59 [ERROR] File not found: config.yaml
2025-06-30 02:00:59 [CRITICAL] Kernel panic!
2025-06-30 02:02:59 [INFO] Scheduled task executed.
2025-06-30 02:04:59 [INFO] Scheduled task executed.
2025-06-30 02:06:59 [WARNING] Disk space low on /dev/sda1.
2025-06-30 02:08:59 [CRITICAL] RAID array failure.
2025-06-30 02:10:59 [INFO] Scheduled task executed.
2025-06-30 02:12:59 [CRITICAL] System overheating detected!
2025-06-30 02:14:59 [DEBUG] Temp file cleanup started.
2025-06-30 02:16:59 [WARNING] Disk space low on /dev/sda1.
2025-06-30 02:18:59 [INFO] User login successful.
2025-06-30 02:20:59 [ERROR] File not found: config.yaml
2025-06-30 02:22:59 [INFO] System boot completed.
2025-06-30 02:24:59 [DEBUG] Cache miss on lookup.
2025-06-30 02:26:59 [DEBUG] Retrying connection.
2025-06-30 02:28:59 [ERROR] Connection timed out.
2025-06-30 02:30:59 [ERROR] Connection timed out.
2025-06-30 02:32:59 [INFO] System boot completed.
