2025-07-01 02:34:59 [WARNING] Memory usage high.
2025-07-01 02:39:59 [CRITICAL] System overheating detected!
2025-07-01 02:44:59 [DEBUG] Retrying connection.
2025-07-01 02:49:59 [ERROR] Permission denied.
2025-07-01 02:54:59 [ERROR] Permission denied.
2025-07-01 02:59:59 [INFO] Scheduled task executed.
2025-07-01 03:04:59 [ERROR] File not found: config.yaml
2025-07-01 03:09:59 [DEBUG] Cache miss on lookup.
2025-07-01 03:14:59 [CRITICAL] System overheating detected!
2025-07-01 03:19:59 [CRITICAL] RAID array failure.
2025-07-01 03:24:59 [INFO] Scheduled task executed.
2025-07-01 03:29:59 [DEBUG] Cache miss on lookup.
2025-07-01 03:34:59 [INFO] Scheduled task executed.
2025-07-01 03:39:59 [ERROR] Permission denied.
2025-07-01 03:44:59 [ERROR] File not found: config.yaml
2025-07-01 03:49:59 [CRITICAL] Kernel panic!
2025-07-01 03:54:59 [WARNING] Network latency detected.
2025-07-01 03:59:59 [CRITICAL] Kernel panic!
2025-07-01 04:04:59 [CRITICAL] RAID array failure.
2025-07-01 04:09:59 [INFO] User login successful.
2025-07-01 04:14:59 [DEBUG] Cache miss on lookup.
2025-07-01 04:19:59 [DEBUG] Temp file cleanup started.
2025-07-01 04:24:59 [ERROR] Permission denied.
2025-07-01 04:29:59 [INFO] User login successful.
2025-07-01 04:34:59 [ERROR] Connection timed out.
2025-07-01 04:39:59 [INFO] User login successful.
2025-07-01 04:44:59 [INFO] Scheduled task executed.
2025-07-01 04:49:59 [DEBUG] Cache miss on lookup.
2025-07-01 04:54:59 [DEBUG] Cache miss on lookup.
2025-07-01 04:59:59 [INFO] System boot completed.
2025-07-01 05:04:59 [INFO] User login successful.
2025-07-01 05:09:59 [DEBUG] Temp file cleanup started.
2025-07-01 05:14:59 [WARNING] Disk space low on /dev/sda1.
2025-07-01 05:19:59 [INFO] System boot completed.
2025-07-01 05:24:59 [INFO] Scheduled task executed.
2025-07-01 05:29:59 [INFO] User login successful.
2025-07-01 05:34:59 [WARNING] Disk space low on /dev/sda1.
2025-07-01 05:39:59 [DEBUG] Cache miss on lookup.
2025-07-01 05:44:59 [INFO] Scheduled task executed.
2025-07-01 05:49:59 [INFO] User login successful.
2025-07-01 05:54:59 [WARNING] Disk space low on /dev/sda1.
2025-07-01 05:59:59 [INFO] User login successful.
2025-07-01 06:04:59 [INFO] User login successful.
2025-07-01 06:09:59 [INFO] Scheduled task executed.
2025-07-01 06:14:59 [INFO] User login successful.
2025-07-01 06:19:59 [INFO] User login successful.
2025-07-01 06:24:59 [WARNING] Network latency detected.
2025-07-01 06:29:59 [INFO] User login successful.
2025-07-01 06:34:59 [CRITICAL] RAID array failure.
2025-07-01 06:39:59 [DEBUG] Cache miss on lookup.
2025-07-01 06:44:59 [INFO] User login successful.
2025-07-01 06:49:59 [DEBUG] Temp file cleanup started.
2025-07-01 06:54:59 [INFO] Scheduled task executed.
2025-07-01 06:59:59 [CRITICAL] Kernel panic!
2025-07-01 07:04:59 [CRITICAL] System overheating detected!
2025-07-01 07:09:59 [INFO] System boot completed.
2025-07-01 07:14:59 [WARNING] Memory usage high.
2025-07-01 07:19:59 [CRITICAL] Kernel panic!
2025-07-01 07:24:59 [DEBUG] Temp file cleanup started.
2025-07-01 07:29:59 [DEBUG] Retrying connection.
2025-07-01 07:34:59 [ERROR] Connection timed out.
2025-07-01 07:39:59 [CRITICAL] Kernel panic!
2025-07-01 07:44:59 [ERROR] Connection timed out.
2025-07-01 07:49:59 [INFO] Scheduled task executed.
2025-07-01 07:54:59 [INFO] User login successful.
2025-07-01 07:59:59 [WARNING] Disk space low on /dev/sda1.
2025-07-01 08:04:59 [CRITICAL] System overheating detected!
2025-07-01 08:09:59 [DEBUG] Temp file cleanup started.
2025-07-01 08:14:59 [DEBUG] Cache miss on lookup.
2025-07-01 08:19:59 [DEBUG] Temp file cleanup started.
2025-07-01 08:24:59 [WARNING] Memory usage high.
2025-07-01 08:29:59 [WARNING] Network latency detected.
2025-07-01 08:34:59 [INFO] Scheduled task executed.
2025-07-01 08:39:59 [INFO] System boot completed.
2025-07-01 08:44:59 [DEBUG] Cache miss on lookup.
2025-07-01 08:49:59 [INFO] Scheduled task executed.
2025-07-01 08:54:59 [ERROR] Permission denied.
2025-07-01 08:59:59 [WARNING] Network latency detected.
2025-07-01 09:04:59 [ERROR] File not found: config.yaml
2025-07-01 09:09:59 [INFO] User login successful.
2025-07-01 09:14:59 [ERROR] Connection timed out.
2025-07-01 09:19:59 [DEBUG] Temp file cleanup started.
2025-07-01 09:24:59 [INFO] Scheduled task executed.
2025-07-01 09:29:59 [INFO] User login successful.
2025-07-01 09:34:59 [INFO] Scheduled task executed.
2025-07-01 09:39:59 [WARNING] Disk space low on /dev/sda1.
2025-07-01 09:44:59 [WARNING] Memory usage high.
2025-07-01 09:49:59 [DEBUG] Cache miss on lookup.
2025-07-01 09:54:59 [ERROR] File not found: config.yaml
2025-07-01 09:59:59 [ERROR] File not found: config.yaml
2025-07-01 10:04:59 [DEBUG] Temp file cleanup started.
2025-07-01 10:09:59 [DEBUG] Cache miss on lookup.
2025-07-01 10:14:59 [DEBUG] Retrying connection.
2025-07-01 10:19:59 [INFO] User login successful.
2025-07-01 10:24:59 [INFO] User login successful.
2025-07-01 10:29:59 [WARNING] Network latency detected.
2025-07-01 10:34:59 [WARNING] Memory usage high.
2025-07-01 10:39:59 [ERROR] Connection timed out.
2025-07-01 10:44:59 [CRITICAL] System overheating detected!
2025-07-01 10:49:59 [DEBUG] Temp file cleanup started.
2025-07-01 10:54:59 [DEBUG] Temp file cleanup started.
2025-07-01 10:59:59 [INFO] Scheduled task executed.
2025-07-01 11:04:59 [INFO] User login successful.
2025-07-01 11:09:59 [ERROR] Connection timed out.
2025-07-01 11:14:59 [WARNING] Memory usage high.
2025-07-01 11:19:59 [INFO] User login successful.
2025-07-01 11:24:59 [DEBUG] Temp file cleanup started.
2025-07-01 11:29:59 [INFO] System boot completed.
2025-07-01 11:34:59 [WARNING] Memory usage high.
2025-07-01 11:39:59 [ERROR] File not found: config.yaml
2025-07-01 11:44:59 [INFO] System boot completed.
2025-07-01 11:49:59 [INFO] Scheduled task executed.
2025-07-01 11:54:59 [CRITICAL] RAID array failure.
2025-07-01 11:59:59 [WARNING] Disk space low on /dev/sda1.
2025-07-01 12:04:59 [ERROR] Connection timed out.
2025-07-01 12:09:59 [DEBUG] Retrying connection.
2025-07-01 12:14:59 [INFO] Scheduled task executed.
2025-07-01 12:19:59 [DEBUG] Temp file cleanup started.
2025-07-01 12:24:59 [ERROR] Permission denied.
2025-07-01 12:29:59 [DEBUG] Cache miss on lookup.
2025-07-01 12:34:59 [INFO] User login successful.
2025-07-01 12:39:59 [WARNING] Network latency detected.
2025-07-01 12:44:59 [WARNING] Disk space low on /dev/sda1.
2025-07-01 12:49:59 [INFO] System boot completed.
2025-07-01 12:54:59 [ERROR] File not found: config.yaml
2025-07-01 12:59:59 [INFO] Scheduled task executed.
2025-07-01 13:04:59 [ERROR] Permission denied.
2025-07-01 13:09:59 [INFO] User login successful.
2025-07-01 13:14:59 [WARNING] Memory usage high.
2025-07-01 13:19:59 [DEBUG] Retrying connection.
2025-07-01 13:24:59 [INFO] System boot completed.
2025-07-01 13:29:59 [INFO] User login successful.
2025-07-01 13:34:59 [ERROR] Permission denied.
2025-07-01 13:39:59 [ERROR] Connection timed out.
2025-07-01 13:44:59 [ERROR] File not found: config.yaml
2025-07-01 13:49:59 [ERROR] Permission denied.
2025-07-01 13:54:59 [INFO] System boot completed.
2025-07-01 13:59:59 [INFO] System boot completed.
2025-07-01 14:04:59 [INFO] User login successful.
2025-07-01 14:09:59 [CRITICAL] RAID array failure.
2025-07-01 14:14:59 [DEBUG] Retrying connection.
2025-07-01 14:19:59 [WARNING] Network latency detected.
2025-07-01 14:24:59 [WARNING] Memory usage high.
2025-07-01 14:29:59 [INFO] Scheduled task executed.
2025-07-01 14:34:59 [WARNING] Network latency detected.
2025-07-01 14:39:59 [INFO] System boot completed.
2025-07-01 14:44:59 [INFO] System boot completed.
2025-07-01 14:49:59 [DEBUG] Temp file cleanup started.
2025-07-01 14:54:59 [WARNING] Network latency detected.
2025-07-01 14:59:59 [INFO] System boot completed.
2025-07-01 15:04:59 [ERROR] File not found: config.yaml
2025-07-01 15:09:59 [CRITICAL] Kernel panic!
2025-07-01 15:14:59 [INFO] Scheduled task executed.
2025-07-01 15:19:59 [DEBUG] Retrying connection.
2025-07-01 15:24:59 [INFO] User login successful.
2025-07-01 15:29:59 [WARNING] Network latency detected.
2025-07-01 15:34:59 [DEBUG] Temp file cleanup started.
2025-07-01 15:39:59 [INFO] System boot completed.
2025-07-01 15:44:59 [DEBUG] Retrying connection.
2025-07-01 15:49:59 [INFO] User login successful.
2025-07-01 15:54:59 [ERROR] Connection timed out.
2025-07-01 15:59:59 [ERROR] Connection timed out.
2025-07-01 16:04:59 [WARNING] Network latency detected.
2025-07-01 16:09:59 [DEBUG] Temp file cleanup started.
2025-07-01 16:14:59 [WARNING] Memory usage high.
2025-07-01 16:19:59 [ERROR] Connection timed out.
2025-07-01 16:24:59 [ERROR] Connection timed out.
2025-07-01 16:29:59 [INFO] User login successful.
2025-07-01 16:34:59 [INFO] User login successful.
2025-07-01 16:39:59 [WARNING] Disk space low on /dev/sda1.
2025-07-01 16:44:59 [WARNING] Network latency detected.
2025-07-01 16:49:59 [DEBUG] Cache miss on lookup.
2025-07-01 16:54:59 [CRITICAL] System overheating detected!
2025-07-01 16:59:59 [CRITICAL] System overheating detected!
2025-07-01 17:04:59 [WARNING] Memory usage high.
2025-07-01 17:09:59 [CRITICAL] Kernel panic!
2025-07-01 17:14:59 [DEBUG] Retrying connection.
2025-07-01 17:19:59 [INFO] Scheduled task executed.
2025-07-01 17:24:59 [INFO] Scheduled task executed.
2025-07-01 17:29:59 [INFO] System boot completed.
2025-07-01 17:34:59 [WARNING] Disk space low on /dev/sda1.
2025-07-01 17:39:59 [INFO] Scheduled task executed.
2025-07-01 17:44:59 [WARNING] Network latency detected.
2025-07-01 17:49:59 [ERROR] File not found: config.yaml
2025-07-01 17:54:59 [DEBUG] Temp file cleanup started.
2025-07-01 17:59:59 [ERROR] Connection timed out.
2025-07-01 18:04:59 [INFO] User login successful.
2025-07-01 18:09:59 [INFO] Scheduled task executed.
2025-07-01 18:14:59 [ERROR] Connection timed out.
2025-07-01 18:19:59 [DEBUG] Retrying connection.
2025-07-01 18:24:59 [INFO] Scheduled task executed.
2025-07-01 18:29:59 [INFO] Scheduled task executed.
2025-07-01 18:34:59 [INFO] User login successful.
2025-07-01 18:39:59 [ERROR] File not found: config.yaml
2025-07-01 18:44:59 [DEBUG] Retrying connection.
2025-07-01 18:49:59 [DEBUG] Temp file cleanup started.
2025-07-01 18:54:59 [ERROR] File not found: config.yaml
2025-07-01 18:59:59 [CRITICAL] System overheating detected!
2025-07-01 19:04:59 [DEBUG] Temp file cleanup started.
2025-07-01 19:09:59 [INFO] Scheduled task executed.
2025-07-01 19:14:59 [INFO] System boot completed.
2025-07-01 19:19:59 [ERROR] Permission denied.
2025-07-01 19:24:59 [WARNING] Disk space low on /dev/sda1.
2025-07-01 19:29:59 [CRITICAL] Kernel panic!
2025-07-01 19:34:59 [INFO] Scheduled task executed.
2025-07-01 19:39:59 [WARNING] Disk space low on /dev/sda1.
2025-07-01 19:44:59 [INFO] System boot completed.
2025-07-01 19:49:59 [INFO] System boot completed.
2025-07-01 19:54:59 [INFO] Scheduled task executed.
2025-07-01 19:59:59 [WARNING] Memory usage high.
2025-07-01 20:04:59 [ERROR] Permission denied.
2025-07-01 20:09:59 [INFO] System boot completed.
2025-07-01 20:14:59 [WARNING] Network latency detected.
2025-07-01 20:19:59 [DEBUG] Temp file cleanup started.
2025-07-01 20:24:59 [DEBUG] Retrying connection.
2025-07-01 20:29:59 [INFO] Scheduled task executed.
2025-07-01 20:34:59 [DEBUG] Cache miss on lookup.
2025-07-01 20:39:59 [INFO] System boot completed.
2025-07-01 20:44:59 [DEBUG] Cache miss on lookup.
2025-07-01 20:49:59 [INFO] System boot completed.
2025-07-01 20:54:59 [INFO] Scheduled task executed.
2025-07-01 20:59:59 [INFO] System boot completed.
2025-07-01 21:04:59 [CRITICAL] RAID array failure.
2025-07-01 21:09:59 [DEBUG] Retrying connection.
2025-07-01 21:14:59 [INFO] System boot completed.
2025-07-01 21:19:59 [CRITICAL] System overheating detected!
2025-07-01 21:24:59 [WARNING] Disk space low on /dev/sda1.
2025-07-01 21:29:59 [DEBUG] Retrying connection.
2025-07-01 21:34:59 [INFO] Scheduled task executed.
2025-07-01 21:39:59 [INFO] Scheduled task executed.
2025-07-01 21:44:59 [WARNING] Disk space low on /dev/sda1.
2025-07-01 21:49:59 [ERROR] Permission denied.
2025-07-01 21:54:59 [INFO] User login successful.
2025-07-01 21:59:59 [WARNING] Network latency detected.
2025-07-01 22:04:59 [ERROR] Permission denied.
2025-07-01 22:09:59 [WARNING] Memory usage high.
2025-07-01 22:14:59 [ERROR] Connection timed out.
2025-07-01 22:19:59 [INFO] System boot completed.
2025-07-01 22:24:59 [CRITICAL] Kernel panic!
2025-07-01 22:29:59 [CRITICAL] System overheating detected!
2025-07-01 22:34:59 [ERROR] Permission denied.
2025-07-01 22:39:59 [WARNING] Disk space low on /dev/sda1.
2025-07-01 22:44:59 [INFO] System boot completed.
2025-07-01 22:49:59 [WARNING] Memory usage high.
2025-07-01 22:54:59 [DEBUG] Retrying connection.
2025-07-01 22:59:59 [WARNING] Network latency detected.
2025-07-01 23:04:59 [DEBUG] Temp file cleanup started.
2025-07-01 23:09:59 [ERROR] Connection timed out.
2025-07-01 23:14:59 [ERROR] Permission denied.
2025-07-01 23:19:59 [DEBUG] Temp file cleanup started.
2025-07-01 23:24:59 [CRITICAL] System overheating detected!
2025-07-01 23:29:59 [INFO] Scheduled task executed.
2025-07-01 23:34:59 [WARNING] Memory usage high.
2025-07-01 23:39:59 [INFO] User login successful.
2025-07-01 23:44:59 [ERROR] File not found: config.yaml
2025-07-01 23:49:59 [DEBUG] Cache miss on lookup.
2025-07-01 23:54:59 [INFO] Scheduled task executed.
2025-07-01 23:59:59 [ERROR] Connection timed out.
2025-07-02 00:04:59 [INFO] Scheduled task executed.
2025-07-02 00:09:59 [CRITICAL] Kernel panic!
2025-07-02 00:14:59 [WARNING] Network latency detected.
2025-07-02 00:19:59 [DEBUG] Cache miss on lookup.
2025-07-02 00:24:59 [DEBUG] Temp file cleanup started.
2025-07-02 00:29:59 [DEBUG] Cache miss on lookup.
2025-07-02 00:34:59 [WARNING] Memory usage high.
2025-07-02 00:39:59 [INFO] User login successful.
2025-07-02 00:44:59 [WARNING] Disk space low on /dev/sda1.
2025-07-02 00:49:59 [DEBUG] Cache miss on lookup.
2025-07-02 00:54:59 [WARNING] Disk space low on /dev/sda1.
2025-07-02 00:59:59 [ERROR] Permission denied.
2025-07-02 01:04:59 [DEBUG] Temp file cleanup started.
2025-07-02 01:09:59 [DEBUG] Cache miss on lookup.
2025-07-02 01:14:59 [INFO] Scheduled task executed.
2025-07-02 01:19:59 [INFO] Scheduled task executed.
2025-07-02 01:24:59 [DEBUG] Cache miss on lookup.
2025-07-02 01:29:59 [INFO] System boot completed.
2025-07-02 01:34:59 [ERROR] File not found: config.yaml
2025-07-02 01:39:59 [INFO] User login successful.
2025-07-02 01:44:59 [INFO] System boot completed.
2025-07-02 01:49:59 [CRITICAL] RAID array failure.
2025-07-02 01:54:59 [INFO] Scheduled task executed.
2025-07-02 01:59:59 [WARNING] Disk space low on /dev/sda1.
2025-07-02 02:04:59 [INFO] Scheduled task executed.
2025-07-02 02:09:59 [INFO] System boot completed.
2025-07-02 02:14:59 [INFO] User login successful.
2025-07-02 02:19:59 [CRITICAL] Kernel panic!
2025-07-02 02:24:59 [INFO] Scheduled task executed.
2025-07-02 02:29:59 [INFO] System boot completed.
